  [1m[35m (340.7ms)[0m  [1m[35mCREATE DATABASE "new_cat_99_development" ENCODING = 'unicode'[0m
  ↳ bin/rails:9
  [1m[35m (256.5ms)[0m  [1m[35mCREATE DATABASE "new_cat_99_test" ENCODING = 'unicode'[0m
  ↳ bin/rails:9
  [1m[35m (6.3ms)[0m  [1m[35mCREATE TABLE "schema_migrations" ("version" character varying NOT NULL PRIMARY KEY)[0m
  ↳ bin/rails:9
  [1m[35m (3.9ms)[0m  [1m[35mCREATE TABLE "ar_internal_metadata" ("key" character varying NOT NULL PRIMARY KEY, "value" character varying, "created_at" timestamp NOT NULL, "updated_at" timestamp NOT NULL)[0m
  ↳ bin/rails:9
  [1m[35m (0.2ms)[0m  [1m[34mSELECT pg_try_advisory_lock(6219750057404425605)[0m
  ↳ bin/rails:9
  [1m[35m (0.7ms)[0m  [1m[34mSELECT "schema_migrations"."version" FROM "schema_migrations" ORDER BY "schema_migrations"."version" ASC[0m
  ↳ bin/rails:9
Migrating to CreateCats (20200124223054)
  [1m[35m (0.2ms)[0m  [1m[35mBEGIN[0m
  ↳ bin/rails:9
  [1m[35m (7.1ms)[0m  [1m[35mCREATE TABLE "cats" ("id" bigserial primary key, "birth_date" date NOT NULL, "color" character varying NOT NULL, "name" character varying NOT NULL, "sex" character varying NOT NULL, "description" text NOT NULL, "created_at" timestamp NOT NULL, "updated_at" timestamp NOT NULL)[0m
  ↳ db/migrate/20200124223054_create_cats.rb:3
  [1m[36mActiveRecord::SchemaMigration Create (0.6ms)[0m  [1m[32mINSERT INTO "schema_migrations" ("version") VALUES ($1) RETURNING "version"[0m  [["version", "20200124223054"]]
  ↳ bin/rails:9
  [1m[35m (0.8ms)[0m  [1m[35mCOMMIT[0m
  ↳ bin/rails:9
  [1m[36mActiveRecord::InternalMetadata Load (0.6ms)[0m  [1m[34mSELECT  "ar_internal_metadata".* FROM "ar_internal_metadata" WHERE "ar_internal_metadata"."key" = $1 LIMIT $2[0m  [["key", "environment"], ["LIMIT", 1]]
  ↳ bin/rails:9
  [1m[35m (0.2ms)[0m  [1m[35mBEGIN[0m
  ↳ bin/rails:9
  [1m[36mActiveRecord::InternalMetadata Create (0.6ms)[0m  [1m[32mINSERT INTO "ar_internal_metadata" ("key", "value", "created_at", "updated_at") VALUES ($1, $2, $3, $4) RETURNING "key"[0m  [["key", "environment"], ["value", "development"], ["created_at", "2020-01-24 22:32:56.119940"], ["updated_at", "2020-01-24 22:32:56.119940"]]
  ↳ bin/rails:9
  [1m[35m (0.4ms)[0m  [1m[35mCOMMIT[0m
  ↳ bin/rails:9
  [1m[35m (0.3ms)[0m  [1m[34mSELECT pg_advisory_unlock(6219750057404425605)[0m
  ↳ bin/rails:9
  [1m[35m (0.3ms)[0m  [1m[34mSELECT "schema_migrations"."version" FROM "schema_migrations" ORDER BY "schema_migrations"."version" ASC[0m
  ↳ bin/rails:9
Started GET "/" for ::1 at 2020-01-24 14:34:29 -0800
  [1m[35m (1.2ms)[0m  [1m[34mSELECT "schema_migrations"."version" FROM "schema_migrations" ORDER BY "schema_migrations"."version" ASC[0m
  ↳ /Users/appacademy/.rbenv/versions/2.5.1/lib/ruby/gems/2.5.0/gems/activerecord-5.2.4.1/lib/active_record/log_subscriber.rb:98
Processing by Rails::WelcomeController#index as HTML
  Rendering /Users/appacademy/.rbenv/versions/2.5.1/lib/ruby/gems/2.5.0/gems/railties-5.2.4.1/lib/rails/templates/rails/welcome/index.html.erb
  Rendered /Users/appacademy/.rbenv/versions/2.5.1/lib/ruby/gems/2.5.0/gems/railties-5.2.4.1/lib/rails/templates/rails/welcome/index.html.erb (5.5ms)
Completed 200 OK in 21ms (Views: 13.9ms | ActiveRecord: 0.0ms)


  [1m[35m (1.0ms)[0m  [1m[34mSELECT "schema_migrations"."version" FROM "schema_migrations" ORDER BY "schema_migrations"."version" ASC[0m
  ↳ bin/rails:9
  [1m[36mCat Load (0.9ms)[0m  [1m[34mSELECT "cats".* FROM "cats"[0m
  ↳ db/seeds.rb:9
  [1m[35m (0.2ms)[0m  [1m[35mBEGIN[0m
  ↳ db/seeds.rb:10
  [1m[36mCat Create (0.9ms)[0m  [1m[32mINSERT INTO "cats" ("birth_date", "color", "name", "sex", "description", "created_at", "updated_at") VALUES ($1, $2, $3, $4, $5, $6, $7) RETURNING "id"[0m  [["birth_date", "2002-01-20"], ["color", "brown"], ["name", "brownie"], ["sex", "F"], ["description", "playful like a dog"], ["created_at", "2020-01-24 22:36:01.605452"], ["updated_at", "2020-01-24 22:36:01.605452"]]
  ↳ db/seeds.rb:10
  [1m[35m (2.3ms)[0m  [1m[35mCOMMIT[0m
  ↳ db/seeds.rb:10
  [1m[35m (0.2ms)[0m  [1m[35mBEGIN[0m
  ↳ db/seeds.rb:12
  [1m[36mCat Create (0.5ms)[0m  [1m[32mINSERT INTO "cats" ("birth_date", "color", "name", "sex", "description", "created_at", "updated_at") VALUES ($1, $2, $3, $4, $5, $6, $7) RETURNING "id"[0m  [["birth_date", "2015-03-10"], ["color", "black"], ["name", "blacky"], ["sex", "F"], ["description", "hates people"], ["created_at", "2020-01-24 22:36:01.610794"], ["updated_at", "2020-01-24 22:36:01.610794"]]
  ↳ db/seeds.rb:12
  [1m[35m (0.3ms)[0m  [1m[35mCOMMIT[0m
  ↳ db/seeds.rb:12
  [1m[35m (0.1ms)[0m  [1m[35mBEGIN[0m
  ↳ db/seeds.rb:14
  [1m[36mCat Create (0.4ms)[0m  [1m[32mINSERT INTO "cats" ("birth_date", "color", "name", "sex", "description", "created_at", "updated_at") VALUES ($1, $2, $3, $4, $5, $6, $7) RETURNING "id"[0m  [["birth_date", "2012-02-06"], ["color", "blue"], ["name", "bluey"], ["sex", "F"], ["description", "eats to much"], ["created_at", "2020-01-24 22:36:01.613082"], ["updated_at", "2020-01-24 22:36:01.613082"]]
  ↳ db/seeds.rb:14
  [1m[35m (0.4ms)[0m  [1m[35mCOMMIT[0m
  ↳ db/seeds.rb:14
  [1m[36mCat Load (0.8ms)[0m  [1m[34mSELECT "cats".* FROM "cats"[0m
Started GET "/" for ::1 at 2020-01-24 14:40:48 -0800

NameError - undefined local variable or method `only' for #<ActionDispatch::Routing::Mapper:0x00007f8df6049c10>:
  config/routes.rb:3:in `block in <top (required)>'
  config/routes.rb:1:in `<top (required)>'

Started POST "/__better_errors/93599a357c5ec81f/variables" for ::1 at 2020-01-24 14:40:49 -0800
Started GET "/" for ::1 at 2020-01-24 14:42:04 -0800
Processing by Rails::WelcomeController#index as HTML
  Rendering /Users/appacademy/.rbenv/versions/2.5.1/lib/ruby/gems/2.5.0/gems/railties-5.2.4.1/lib/rails/templates/rails/welcome/index.html.erb
  Rendered /Users/appacademy/.rbenv/versions/2.5.1/lib/ruby/gems/2.5.0/gems/railties-5.2.4.1/lib/rails/templates/rails/welcome/index.html.erb (3.5ms)
Completed 200 OK in 11ms (Views: 7.9ms | ActiveRecord: 0.0ms)


Started GET "/cats" for ::1 at 2020-01-24 14:42:16 -0800
Processing by CatsController#index as HTML
  Rendering cats/index.html.erb within layouts/application
  Rendered cats/index.html.erb within layouts/application (0.5ms)
Completed 200 OK in 757ms (Views: 752.9ms | ActiveRecord: 0.0ms)


Started GET "/cats" for ::1 at 2020-01-24 14:49:53 -0800
Processing by CatsController#index as HTML
  Rendering cats/index.html.erb within layouts/application
  [1m[36mCat Load (1.0ms)[0m  [1m[34mSELECT "cats".* FROM "cats"[0m
  ↳ app/views/cats/index.html.erb:3
  Rendered cats/index.html.erb within layouts/application (55.0ms)
Completed 500 Internal Server Error in 64ms (ActiveRecord: 17.5ms)



NoMethodError - undefined method `birthdate' for #<Cat:0x00007f8df4269c90>
Did you mean?  birth_date
               birth_date?
               birth_date=:
  app/views/cats/index.html.erb:5:in `block in _app_views_cats_index_html_erb__245544579655456351_70123870376980'
  app/views/cats/index.html.erb:3:in `_app_views_cats_index_html_erb__245544579655456351_70123870376980'
  app/controllers/cats_controller.rb:4:in `index'

Started POST "/__better_errors/b28a29c932181100/variables" for ::1 at 2020-01-24 14:49:54 -0800
Started GET "/cats" for ::1 at 2020-01-24 14:50:08 -0800
Processing by CatsController#index as HTML
  Rendering cats/index.html.erb within layouts/application
  [1m[36mCat Load (0.9ms)[0m  [1m[34mSELECT "cats".* FROM "cats"[0m
  ↳ app/views/cats/index.html.erb:3
  Rendered cats/index.html.erb within layouts/application (6.0ms)
Completed 200 OK in 35ms (Views: 34.0ms | ActiveRecord: 0.9ms)


Started GET "/cats" for ::1 at 2020-01-24 14:50:51 -0800
Processing by CatsController#index as HTML
  Rendering cats/index.html.erb within layouts/application
  [1m[36mCat Load (0.6ms)[0m  [1m[34mSELECT "cats".* FROM "cats"[0m
  ↳ app/views/cats/index.html.erb:3
  Rendered cats/index.html.erb within layouts/application (3.0ms)
Completed 200 OK in 34ms (Views: 33.0ms | ActiveRecord: 0.6ms)


Started GET "/cats" for ::1 at 2020-01-24 14:50:52 -0800
Processing by CatsController#index as HTML
  Rendering cats/index.html.erb within layouts/application
  [1m[36mCat Load (0.5ms)[0m  [1m[34mSELECT "cats".* FROM "cats"[0m
  ↳ app/views/cats/index.html.erb:3
  Rendered cats/index.html.erb within layouts/application (1.9ms)
Completed 200 OK in 26ms (Views: 24.7ms | ActiveRecord: 0.5ms)


Started GET "/cats" for ::1 at 2020-01-24 14:51:50 -0800
Processing by CatsController#index as HTML
  Rendering cats/index.html.erb within layouts/application
  [1m[36mCat Load (0.5ms)[0m  [1m[34mSELECT "cats".* FROM "cats"[0m
  ↳ app/views/cats/index.html.erb:3
  Rendered cats/index.html.erb within layouts/application (2.4ms)
Completed 200 OK in 35ms (Views: 34.0ms | ActiveRecord: 0.5ms)


Started GET "/cats" for ::1 at 2020-01-24 14:53:28 -0800
Processing by CatsController#index as HTML
  Rendering cats/index.html.erb within layouts/application
  [1m[36mCat Load (0.6ms)[0m  [1m[34mSELECT "cats".* FROM "cats"[0m
  ↳ app/views/cats/index.html.erb:3
  Rendered cats/index.html.erb within layouts/application (2.7ms)
Completed 200 OK in 31ms (Views: 29.6ms | ActiveRecord: 0.6ms)


Started GET "/cats" for ::1 at 2020-01-24 14:53:49 -0800
Processing by CatsController#index as HTML
  Rendering cats/index.html.erb within layouts/application
  [1m[36mCat Load (0.7ms)[0m  [1m[34mSELECT "cats".* FROM "cats"[0m
  ↳ app/views/cats/index.html.erb:3
  Rendered cats/index.html.erb within layouts/application (2.9ms)
Completed 200 OK in 43ms (Views: 41.8ms | ActiveRecord: 0.7ms)


Started GET "/cats" for ::1 at 2020-01-24 14:54:07 -0800
Processing by CatsController#index as HTML
  Rendering cats/index.html.erb within layouts/application
  [1m[36mCat Load (0.7ms)[0m  [1m[34mSELECT "cats".* FROM "cats"[0m
  ↳ app/views/cats/index.html.erb:3
  Rendered cats/index.html.erb within layouts/application (2.7ms)
Completed 200 OK in 30ms (Views: 29.0ms | ActiveRecord: 0.7ms)


Started GET "/cats/1" for ::1 at 2020-01-24 14:58:10 -0800
Processing by CatsController#show as HTML
  Parameters: {"id"=>"1"}
  [1m[36mCat Load (0.7ms)[0m  [1m[34mSELECT  "cats".* FROM "cats" WHERE "cats"."id" = $1 LIMIT $2[0m  [["id", 1], ["LIMIT", 1]]
  ↳ app/controllers/cats_controller.rb:8
Completed 200 OK in 33ms (Views: 1.6ms | ActiveRecord: 11.3ms)


Started GET "/cats/2" for ::1 at 2020-01-24 14:58:29 -0800
Processing by CatsController#show as HTML
  Parameters: {"id"=>"2"}
  [1m[36mCat Load (2.7ms)[0m  [1m[34mSELECT  "cats".* FROM "cats" WHERE "cats"."id" = $1 LIMIT $2[0m  [["id", 2], ["LIMIT", 1]]
  ↳ app/controllers/cats_controller.rb:9
Completed 200 OK in 36ms (Views: 1.2ms | ActiveRecord: 14.4ms)


Started GET "/cats/3" for ::1 at 2020-01-24 14:59:11 -0800
Processing by CatsController#show as HTML
  Parameters: {"id"=>"3"}
  [1m[36mCat Load (0.8ms)[0m  [1m[34mSELECT  "cats".* FROM "cats" WHERE "cats"."id" = $1 LIMIT $2[0m  [["id", 3], ["LIMIT", 1]]
  ↳ app/controllers/cats_controller.rb:9
Completed 200 OK in 4ms (Views: 1.1ms | ActiveRecord: 0.8ms)


Started GET "/cats/3" for ::1 at 2020-01-24 14:59:44 -0800
Processing by CatsController#show as HTML
  Parameters: {"id"=>"3"}
  [1m[36mCat Load (0.5ms)[0m  [1m[34mSELECT  "cats".* FROM "cats" WHERE "cats"."id" = $1 LIMIT $2[0m  [["id", 3], ["LIMIT", 1]]
  ↳ app/controllers/cats_controller.rb:9
Completed 200 OK in 26ms (Views: 0.4ms | ActiveRecord: 10.7ms)


Started GET "/cats/" for ::1 at 2020-01-24 15:00:47 -0800
Processing by CatsController#index as HTML
  Rendering cats/index.html.erb within layouts/application
  [1m[36mCat Load (1.4ms)[0m  [1m[34mSELECT "cats".* FROM "cats"[0m
  ↳ app/views/cats/index.html.erb:3
  Rendered cats/index.html.erb within layouts/application (4.7ms)
Completed 200 OK in 50ms (Views: 48.3ms | ActiveRecord: 1.4ms)


Started GET "/cats/2" for ::1 at 2020-01-24 15:01:31 -0800
Processing by CatsController#show as HTML
  Parameters: {"id"=>"2"}
  [1m[36mCat Load (0.7ms)[0m  [1m[34mSELECT  "cats".* FROM "cats" WHERE "cats"."id" = $1 LIMIT $2[0m  [["id", 2], ["LIMIT", 1]]
  ↳ app/controllers/cats_controller.rb:9
Completed 200 OK in 4ms (Views: 0.8ms | ActiveRecord: 0.7ms)


Started GET "/cats/2" for ::1 at 2020-01-24 15:02:16 -0800
Processing by CatsController#show as HTML
  Parameters: {"id"=>"2"}
  [1m[36mCat Load (0.9ms)[0m  [1m[34mSELECT  "cats".* FROM "cats" WHERE "cats"."id" = $1 LIMIT $2[0m  [["id", 2], ["LIMIT", 1]]
  ↳ app/controllers/cats_controller.rb:9
  Rendering cats/show.html.erb within layouts/application
  Rendered cats/show.html.erb within layouts/application (0.6ms)
Completed 200 OK in 52ms (Views: 30.2ms | ActiveRecord: 8.3ms)


Started GET "/cats/" for ::1 at 2020-01-24 15:03:36 -0800
Processing by CatsController#index as HTML
  Rendering cats/index.html.erb within layouts/application
  [1m[36mCat Load (0.7ms)[0m  [1m[34mSELECT "cats".* FROM "cats"[0m
  ↳ app/views/cats/index.html.erb:3
  Rendered cats/index.html.erb within layouts/application (2.9ms)
Completed 200 OK in 31ms (Views: 29.5ms | ActiveRecord: 0.7ms)


Started GET "/cats/" for ::1 at 2020-01-24 15:03:38 -0800
Processing by CatsController#index as HTML
  Rendering cats/index.html.erb within layouts/application
  [1m[36mCat Load (0.7ms)[0m  [1m[34mSELECT "cats".* FROM "cats"[0m
  ↳ app/views/cats/index.html.erb:3
  Rendered cats/index.html.erb within layouts/application (2.5ms)
Completed 200 OK in 29ms (Views: 28.5ms | ActiveRecord: 0.7ms)


Started GET "/cats/2" for ::1 at 2020-01-24 15:03:40 -0800
Processing by CatsController#show as HTML
  Parameters: {"id"=>"2"}
  [1m[36mCat Load (0.7ms)[0m  [1m[34mSELECT  "cats".* FROM "cats" WHERE "cats"."id" = $1 LIMIT $2[0m  [["id", 2], ["LIMIT", 1]]
  ↳ app/controllers/cats_controller.rb:9
  Rendering cats/show.html.erb within layouts/application
  Rendered cats/show.html.erb within layouts/application (0.9ms)
Completed 200 OK in 32ms (Views: 30.2ms | ActiveRecord: 0.7ms)


Started GET "/cats/2" for ::1 at 2020-01-24 15:04:19 -0800
Processing by CatsController#show as HTML
  Parameters: {"id"=>"2"}
  [1m[36mCat Load (0.4ms)[0m  [1m[34mSELECT  "cats".* FROM "cats" WHERE "cats"."id" = $1 LIMIT $2[0m  [["id", 2], ["LIMIT", 1]]
  ↳ app/controllers/cats_controller.rb:9
  Rendering cats/show.html.erb within layouts/application
  Rendered cats/show.html.erb within layouts/application (0.9ms)
Completed 200 OK in 32ms (Views: 30.3ms | ActiveRecord: 0.4ms)


Started GET "/cats/3" for ::1 at 2020-01-24 15:04:31 -0800
Processing by CatsController#show as HTML
  Parameters: {"id"=>"3"}
  [1m[36mCat Load (0.8ms)[0m  [1m[34mSELECT  "cats".* FROM "cats" WHERE "cats"."id" = $1 LIMIT $2[0m  [["id", 3], ["LIMIT", 1]]
  ↳ app/controllers/cats_controller.rb:9
  Rendering cats/show.html.erb within layouts/application
  Rendered cats/show.html.erb within layouts/application (0.6ms)
Completed 200 OK in 33ms (Views: 30.8ms | ActiveRecord: 0.8ms)


Started GET "/cats/1" for ::1 at 2020-01-24 15:04:34 -0800
Processing by CatsController#show as HTML
  Parameters: {"id"=>"1"}
  [1m[36mCat Load (0.5ms)[0m  [1m[34mSELECT  "cats".* FROM "cats" WHERE "cats"."id" = $1 LIMIT $2[0m  [["id", 1], ["LIMIT", 1]]
  ↳ app/controllers/cats_controller.rb:9
  Rendering cats/show.html.erb within layouts/application
  Rendered cats/show.html.erb within layouts/application (0.6ms)
Completed 200 OK in 34ms (Views: 32.1ms | ActiveRecord: 0.5ms)


Started GET "/cats/new" for ::1 at 2020-01-24 15:08:27 -0800
Processing by CatsController#new as HTML
  Rendering cats/new.html.erb within layouts/application
  Rendered cats/new.html.erb within layouts/application (0.5ms)
Completed 200 OK in 50ms (Views: 24.1ms | ActiveRecord: 8.4ms)


Started GET "/cats/new" for ::1 at 2020-01-24 15:20:00 -0800
Processing by CatsController#new as HTML
  Rendering cats/new.html.erb within layouts/application
  Rendered cats/new.html.erb within layouts/application (0.5ms)
Completed 200 OK in 58ms (Views: 27.3ms | ActiveRecord: 12.3ms)


Started GET "/cats/index" for ::1 at 2020-01-24 15:21:58 -0800
Processing by CatsController#show as HTML
  Parameters: {"id"=>"index"}
  [1m[36mCat Load (1.5ms)[0m  [1m[34mSELECT  "cats".* FROM "cats" WHERE "cats"."id" = $1 LIMIT $2[0m  [["id", 0], ["LIMIT", 1]]
  ↳ app/controllers/cats_controller.rb:9
  Rendering cats/show.html.erb within layouts/application
  Rendered cats/show.html.erb within layouts/application (5.6ms)
Completed 500 Internal Server Error in 22ms (ActiveRecord: 2.0ms)



NoMethodError - undefined method `name' for nil:NilClass:
  app/views/cats/show.html.erb:3:in `_app_views_cats_show_html_erb___313434596255753534_70123819462600'
  app/controllers/cats_controller.rb:12:in `show'

Started POST "/__better_errors/b656b8ee11fc6ad2/variables" for ::1 at 2020-01-24 15:21:58 -0800
Started GET "/cats" for ::1 at 2020-01-24 15:22:16 -0800
Processing by CatsController#index as HTML
  Rendering cats/index.html.erb within layouts/application
  [1m[36mCat Load (0.8ms)[0m  [1m[34mSELECT "cats".* FROM "cats"[0m
  ↳ app/views/cats/index.html.erb:3
  Rendered cats/index.html.erb within layouts/application (4.5ms)
Completed 200 OK in 55ms (Views: 53.9ms | ActiveRecord: 0.8ms)


Started GET "/cats/2" for ::1 at 2020-01-24 15:22:26 -0800
Processing by CatsController#show as HTML
  Parameters: {"id"=>"2"}
  [1m[36mCat Load (2.7ms)[0m  [1m[34mSELECT  "cats".* FROM "cats" WHERE "cats"."id" = $1 LIMIT $2[0m  [["id", 2], ["LIMIT", 1]]
  ↳ app/controllers/cats_controller.rb:9
  Rendering cats/show.html.erb within layouts/application
  Rendered cats/show.html.erb within layouts/application (1.0ms)
Completed 200 OK in 53ms (Views: 49.1ms | ActiveRecord: 2.7ms)


Started GET "/cats/new" for ::1 at 2020-01-24 15:22:40 -0800
Processing by CatsController#new as HTML
  Rendering cats/new.html.erb within layouts/application
  Rendered cats/new.html.erb within layouts/application (0.5ms)
Completed 200 OK in 35ms (Views: 34.5ms | ActiveRecord: 0.0ms)


  [1m[36mCat Load (1.4ms)[0m  [1m[34mSELECT "cats".* FROM "cats"[0m
  [1m[35m (0.3ms)[0m  [1m[35mBEGIN[0m
  [1m[35m (0.3ms)[0m  [1m[31mROLLBACK[0m
Started GET "/cats" for ::1 at 2020-01-24 15:25:21 -0800
Processing by CatsController#index as HTML
  Rendering cats/index.html.erb within layouts/application
  [1m[36mCat Load (0.7ms)[0m  [1m[34mSELECT "cats".* FROM "cats"[0m
  ↳ app/views/cats/index.html.erb:3
  Rendered cats/index.html.erb within layouts/application (2.6ms)
Completed 200 OK in 43ms (Views: 41.4ms | ActiveRecord: 0.7ms)


  [1m[35m (0.3ms)[0m  [1m[35mBEGIN[0m
  [1m[35m (0.3ms)[0m  [1m[31mROLLBACK[0m
Started GET "/cats" for ::1 at 2020-01-24 15:35:47 -0800
Processing by CatsController#index as HTML
  Rendering cats/index.html.erb within layouts/application
  [1m[36mCat Load (1.1ms)[0m  [1m[34mSELECT "cats".* FROM "cats"[0m
  ↳ app/views/cats/index.html.erb:3
  Rendered cats/index.html.erb within layouts/application (5.3ms)
Completed 200 OK in 43ms (Views: 41.5ms | ActiveRecord: 1.1ms)


Started GET "/cats/new" for ::1 at 2020-01-24 15:35:52 -0800
Processing by CatsController#new as HTML
  Rendering cats/new.html.erb within layouts/application
  Rendered cats/new.html.erb within layouts/application (1.9ms)
Completed 200 OK in 26ms (Views: 25.4ms | ActiveRecord: 0.0ms)


Started GET "/cats/new" for ::1 at 2020-01-24 15:38:32 -0800
Processing by CatsController#new as HTML
  Rendering cats/new.html.erb within layouts/application
  Rendered cats/new.html.erb within layouts/application (0.8ms)
Completed 200 OK in 30ms (Views: 29.8ms | ActiveRecord: 0.0ms)


Started GET "/cats/new" for ::1 at 2020-01-24 15:39:12 -0800
Processing by CatsController#new as HTML
  Rendering cats/new.html.erb within layouts/application
  Rendered cats/new.html.erb within layouts/application (1.4ms)
Completed 200 OK in 50ms (Views: 49.1ms | ActiveRecord: 0.0ms)


Started POST "/cats/new" for ::1 at 2020-01-24 15:39:29 -0800
  
ActionController::RoutingError (No route matches [POST] "/cats/new"):
  
actionpack (5.2.4.1) lib/action_dispatch/middleware/debug_exceptions.rb:65:in `call'
web-console (3.7.0) lib/web_console/middleware.rb:135:in `call_app'
web-console (3.7.0) lib/web_console/middleware.rb:30:in `block in call'
web-console (3.7.0) lib/web_console/middleware.rb:20:in `catch'
web-console (3.7.0) lib/web_console/middleware.rb:20:in `call'
actionpack (5.2.4.1) lib/action_dispatch/middleware/show_exceptions.rb:33:in `call'
railties (5.2.4.1) lib/rails/rack/logger.rb:38:in `call_app'
railties (5.2.4.1) lib/rails/rack/logger.rb:26:in `block in call'
activesupport (5.2.4.1) lib/active_support/tagged_logging.rb:71:in `block in tagged'
activesupport (5.2.4.1) lib/active_support/tagged_logging.rb:28:in `tagged'
activesupport (5.2.4.1) lib/active_support/tagged_logging.rb:71:in `tagged'
railties (5.2.4.1) lib/rails/rack/logger.rb:26:in `call'
sprockets-rails (3.2.1) lib/sprockets/rails/quiet_assets.rb:13:in `call'
actionpack (5.2.4.1) lib/action_dispatch/middleware/remote_ip.rb:81:in `call'
actionpack (5.2.4.1) lib/action_dispatch/middleware/request_id.rb:27:in `call'
rack (2.1.1) lib/rack/method_override.rb:24:in `call'
rack (2.1.1) lib/rack/runtime.rb:24:in `call'
activesupport (5.2.4.1) lib/active_support/cache/strategy/local_cache_middleware.rb:29:in `call'
actionpack (5.2.4.1) lib/action_dispatch/middleware/executor.rb:14:in `call'
actionpack (5.2.4.1) lib/action_dispatch/middleware/static.rb:127:in `call'
rack (2.1.1) lib/rack/sendfile.rb:113:in `call'
railties (5.2.4.1) lib/rails/engine.rb:524:in `call'
puma (3.12.2) lib/puma/configuration.rb:227:in `call'
puma (3.12.2) lib/puma/server.rb:674:in `handle_request'
puma (3.12.2) lib/puma/server.rb:476:in `process_client'
puma (3.12.2) lib/puma/server.rb:334:in `block in run'
puma (3.12.2) lib/puma/thread_pool.rb:135:in `block in spawn_thread'
Started POST "/cats/new" for ::1 at 2020-01-24 15:40:36 -0800
  
ActionController::RoutingError (No route matches [POST] "/cats/new"):
  
actionpack (5.2.4.1) lib/action_dispatch/middleware/debug_exceptions.rb:65:in `call'
web-console (3.7.0) lib/web_console/middleware.rb:135:in `call_app'
web-console (3.7.0) lib/web_console/middleware.rb:30:in `block in call'
web-console (3.7.0) lib/web_console/middleware.rb:20:in `catch'
web-console (3.7.0) lib/web_console/middleware.rb:20:in `call'
actionpack (5.2.4.1) lib/action_dispatch/middleware/show_exceptions.rb:33:in `call'
railties (5.2.4.1) lib/rails/rack/logger.rb:38:in `call_app'
railties (5.2.4.1) lib/rails/rack/logger.rb:26:in `block in call'
activesupport (5.2.4.1) lib/active_support/tagged_logging.rb:71:in `block in tagged'
activesupport (5.2.4.1) lib/active_support/tagged_logging.rb:28:in `tagged'
activesupport (5.2.4.1) lib/active_support/tagged_logging.rb:71:in `tagged'
railties (5.2.4.1) lib/rails/rack/logger.rb:26:in `call'
sprockets-rails (3.2.1) lib/sprockets/rails/quiet_assets.rb:13:in `call'
actionpack (5.2.4.1) lib/action_dispatch/middleware/remote_ip.rb:81:in `call'
actionpack (5.2.4.1) lib/action_dispatch/middleware/request_id.rb:27:in `call'
rack (2.1.1) lib/rack/method_override.rb:24:in `call'
rack (2.1.1) lib/rack/runtime.rb:24:in `call'
activesupport (5.2.4.1) lib/active_support/cache/strategy/local_cache_middleware.rb:29:in `call'
actionpack (5.2.4.1) lib/action_dispatch/middleware/executor.rb:14:in `call'
actionpack (5.2.4.1) lib/action_dispatch/middleware/static.rb:127:in `call'
rack (2.1.1) lib/rack/sendfile.rb:113:in `call'
railties (5.2.4.1) lib/rails/engine.rb:524:in `call'
puma (3.12.2) lib/puma/configuration.rb:227:in `call'
puma (3.12.2) lib/puma/server.rb:674:in `handle_request'
puma (3.12.2) lib/puma/server.rb:476:in `process_client'
puma (3.12.2) lib/puma/server.rb:334:in `block in run'
puma (3.12.2) lib/puma/thread_pool.rb:135:in `block in spawn_thread'
Started POST "/cats/new" for ::1 at 2020-01-24 16:08:04 -0800
  
ActionController::RoutingError (No route matches [POST] "/cats/new"):
  
actionpack (5.2.4.1) lib/action_dispatch/middleware/debug_exceptions.rb:65:in `call'
web-console (3.7.0) lib/web_console/middleware.rb:135:in `call_app'
web-console (3.7.0) lib/web_console/middleware.rb:30:in `block in call'
web-console (3.7.0) lib/web_console/middleware.rb:20:in `catch'
web-console (3.7.0) lib/web_console/middleware.rb:20:in `call'
actionpack (5.2.4.1) lib/action_dispatch/middleware/show_exceptions.rb:33:in `call'
railties (5.2.4.1) lib/rails/rack/logger.rb:38:in `call_app'
railties (5.2.4.1) lib/rails/rack/logger.rb:26:in `block in call'
activesupport (5.2.4.1) lib/active_support/tagged_logging.rb:71:in `block in tagged'
activesupport (5.2.4.1) lib/active_support/tagged_logging.rb:28:in `tagged'
activesupport (5.2.4.1) lib/active_support/tagged_logging.rb:71:in `tagged'
railties (5.2.4.1) lib/rails/rack/logger.rb:26:in `call'
sprockets-rails (3.2.1) lib/sprockets/rails/quiet_assets.rb:13:in `call'
actionpack (5.2.4.1) lib/action_dispatch/middleware/remote_ip.rb:81:in `call'
actionpack (5.2.4.1) lib/action_dispatch/middleware/request_id.rb:27:in `call'
rack (2.1.1) lib/rack/method_override.rb:24:in `call'
rack (2.1.1) lib/rack/runtime.rb:24:in `call'
activesupport (5.2.4.1) lib/active_support/cache/strategy/local_cache_middleware.rb:29:in `call'
actionpack (5.2.4.1) lib/action_dispatch/middleware/executor.rb:14:in `call'
actionpack (5.2.4.1) lib/action_dispatch/middleware/static.rb:127:in `call'
rack (2.1.1) lib/rack/sendfile.rb:113:in `call'
railties (5.2.4.1) lib/rails/engine.rb:524:in `call'
puma (3.12.2) lib/puma/configuration.rb:227:in `call'
puma (3.12.2) lib/puma/server.rb:674:in `handle_request'
puma (3.12.2) lib/puma/server.rb:476:in `process_client'
puma (3.12.2) lib/puma/server.rb:334:in `block in run'
puma (3.12.2) lib/puma/thread_pool.rb:135:in `block in spawn_thread'
Started POST "/cats/new" for ::1 at 2020-01-24 16:10:06 -0800
  
ActionController::RoutingError (No route matches [POST] "/cats/new"):
  
actionpack (5.2.4.1) lib/action_dispatch/middleware/debug_exceptions.rb:65:in `call'
web-console (3.7.0) lib/web_console/middleware.rb:135:in `call_app'
web-console (3.7.0) lib/web_console/middleware.rb:30:in `block in call'
web-console (3.7.0) lib/web_console/middleware.rb:20:in `catch'
web-console (3.7.0) lib/web_console/middleware.rb:20:in `call'
actionpack (5.2.4.1) lib/action_dispatch/middleware/show_exceptions.rb:33:in `call'
railties (5.2.4.1) lib/rails/rack/logger.rb:38:in `call_app'
railties (5.2.4.1) lib/rails/rack/logger.rb:26:in `block in call'
activesupport (5.2.4.1) lib/active_support/tagged_logging.rb:71:in `block in tagged'
activesupport (5.2.4.1) lib/active_support/tagged_logging.rb:28:in `tagged'
activesupport (5.2.4.1) lib/active_support/tagged_logging.rb:71:in `tagged'
railties (5.2.4.1) lib/rails/rack/logger.rb:26:in `call'
sprockets-rails (3.2.1) lib/sprockets/rails/quiet_assets.rb:13:in `call'
actionpack (5.2.4.1) lib/action_dispatch/middleware/remote_ip.rb:81:in `call'
actionpack (5.2.4.1) lib/action_dispatch/middleware/request_id.rb:27:in `call'
rack (2.1.1) lib/rack/method_override.rb:24:in `call'
rack (2.1.1) lib/rack/runtime.rb:24:in `call'
activesupport (5.2.4.1) lib/active_support/cache/strategy/local_cache_middleware.rb:29:in `call'
actionpack (5.2.4.1) lib/action_dispatch/middleware/executor.rb:14:in `call'
actionpack (5.2.4.1) lib/action_dispatch/middleware/static.rb:127:in `call'
rack (2.1.1) lib/rack/sendfile.rb:113:in `call'
railties (5.2.4.1) lib/rails/engine.rb:524:in `call'
puma (3.12.2) lib/puma/configuration.rb:227:in `call'
puma (3.12.2) lib/puma/server.rb:674:in `handle_request'
puma (3.12.2) lib/puma/server.rb:476:in `process_client'
puma (3.12.2) lib/puma/server.rb:334:in `block in run'
puma (3.12.2) lib/puma/thread_pool.rb:135:in `block in spawn_thread'
Started POST "/cats/new" for ::1 at 2020-01-24 16:11:52 -0800
  
ActionController::RoutingError (No route matches [POST] "/cats/new"):
  
actionpack (5.2.4.1) lib/action_dispatch/middleware/debug_exceptions.rb:65:in `call'
web-console (3.7.0) lib/web_console/middleware.rb:135:in `call_app'
web-console (3.7.0) lib/web_console/middleware.rb:30:in `block in call'
web-console (3.7.0) lib/web_console/middleware.rb:20:in `catch'
web-console (3.7.0) lib/web_console/middleware.rb:20:in `call'
actionpack (5.2.4.1) lib/action_dispatch/middleware/show_exceptions.rb:33:in `call'
railties (5.2.4.1) lib/rails/rack/logger.rb:38:in `call_app'
railties (5.2.4.1) lib/rails/rack/logger.rb:26:in `block in call'
activesupport (5.2.4.1) lib/active_support/tagged_logging.rb:71:in `block in tagged'
activesupport (5.2.4.1) lib/active_support/tagged_logging.rb:28:in `tagged'
activesupport (5.2.4.1) lib/active_support/tagged_logging.rb:71:in `tagged'
railties (5.2.4.1) lib/rails/rack/logger.rb:26:in `call'
sprockets-rails (3.2.1) lib/sprockets/rails/quiet_assets.rb:13:in `call'
actionpack (5.2.4.1) lib/action_dispatch/middleware/remote_ip.rb:81:in `call'
actionpack (5.2.4.1) lib/action_dispatch/middleware/request_id.rb:27:in `call'
rack (2.1.1) lib/rack/method_override.rb:24:in `call'
rack (2.1.1) lib/rack/runtime.rb:24:in `call'
activesupport (5.2.4.1) lib/active_support/cache/strategy/local_cache_middleware.rb:29:in `call'
actionpack (5.2.4.1) lib/action_dispatch/middleware/executor.rb:14:in `call'
actionpack (5.2.4.1) lib/action_dispatch/middleware/static.rb:127:in `call'
rack (2.1.1) lib/rack/sendfile.rb:113:in `call'
railties (5.2.4.1) lib/rails/engine.rb:524:in `call'
puma (3.12.2) lib/puma/configuration.rb:227:in `call'
puma (3.12.2) lib/puma/server.rb:674:in `handle_request'
puma (3.12.2) lib/puma/server.rb:476:in `process_client'
puma (3.12.2) lib/puma/server.rb:334:in `block in run'
puma (3.12.2) lib/puma/thread_pool.rb:135:in `block in spawn_thread'
Started GET "/cats/new" for ::1 at 2020-01-24 16:11:58 -0800
Processing by CatsController#new as HTML
  Rendering cats/new.html.erb within layouts/application
  Rendered cats/new.html.erb within layouts/application (0.8ms)
Completed 200 OK in 55ms (Views: 23.0ms | ActiveRecord: 14.7ms)


Started POST "/cats" for ::1 at 2020-01-24 16:12:22 -0800
Processing by CatsController#create as HTML
  Parameters: {"cat"=>{"name"=>"Harry", "color"=>"Hot pink", "birth_date"=>"11/07/1991", "sex"=>"m", "description"=>"Harry likes to play"}}
Can't verify CSRF token authenticity.
Completed 422 Unprocessable Entity in 1ms (ActiveRecord: 0.0ms)



ActionController::InvalidAuthenticityToken - ActionController::InvalidAuthenticityToken:

Started POST "/__better_errors/227647f32216b8eb/variables" for ::1 at 2020-01-24 16:12:22 -0800
Started GET "/cats/new" for ::1 at 2020-01-24 16:14:27 -0800

NoMethodError - undefined method `skip_before_filter' for ApplicationController:Class
Did you mean?  skip_before_action:
  app/controllers/application_controller.rb:2:in `<class:ApplicationController>'
  app/controllers/application_controller.rb:1:in `<top (required)>'
  app/controllers/cats_controller.rb:1:in `<top (required)>'

Started POST "/__better_errors/fe6ecbfdc7bc20f4/variables" for ::1 at 2020-01-24 16:14:27 -0800
Started POST "/__better_errors/fe6ecbfdc7bc20f4/variables" for ::1 at 2020-01-24 16:14:31 -0800
Started GET "/cats/new" for ::1 at 2020-01-24 16:14:35 -0800

NoMethodError - undefined method `skip_before_filter' for ApplicationController:Class
Did you mean?  skip_before_action:
  app/controllers/application_controller.rb:2:in `<class:ApplicationController>'
  app/controllers/application_controller.rb:1:in `<top (required)>'
  app/controllers/cats_controller.rb:1:in `<top (required)>'

Started POST "/__better_errors/658d5b49d03f3ac4/variables" for ::1 at 2020-01-24 16:14:35 -0800
Started GET "/cats/new" for ::1 at 2020-01-24 16:14:43 -0800
Processing by CatsController#new as HTML
  Rendering cats/new.html.erb within layouts/application
  Rendered cats/new.html.erb within layouts/application (1.1ms)
Completed 200 OK in 61ms (Views: 39.1ms | ActiveRecord: 7.2ms)


Started POST "/cats" for ::1 at 2020-01-24 16:15:01 -0800
Processing by CatsController#create as HTML
  Parameters: {"cat"=>{"name"=>"d", "color"=>"d", "birth_date"=>"12312323", "sex"=>"d", "description"=>"d"}}
Can't verify CSRF token authenticity.
Completed 422 Unprocessable Entity in 1ms (ActiveRecord: 0.0ms)



ActionController::InvalidAuthenticityToken - ActionController::InvalidAuthenticityToken:

Started POST "/__better_errors/6f5bcde6aa89218d/variables" for ::1 at 2020-01-24 16:15:02 -0800
Started GET "/cats/new" for ::1 at 2020-01-24 16:20:12 -0800
Processing by CatsController#new as HTML
  Rendering cats/new.html.erb within layouts/application
  Rendered cats/new.html.erb within layouts/application (1.2ms)
Completed 200 OK in 33ms (Views: 32.8ms | ActiveRecord: 0.0ms)


Started GET "/cats/new" for ::1 at 2020-01-24 16:20:13 -0800
Processing by CatsController#new as HTML
  Rendering cats/new.html.erb within layouts/application
  Rendered cats/new.html.erb within layouts/application (0.8ms)
Completed 200 OK in 27ms (Views: 27.1ms | ActiveRecord: 0.0ms)


Started GET "/cats/new" for ::1 at 2020-01-24 16:20:13 -0800
Processing by CatsController#new as HTML
  Rendering cats/new.html.erb within layouts/application
  Rendered cats/new.html.erb within layouts/application (0.7ms)
Completed 200 OK in 32ms (Views: 31.3ms | ActiveRecord: 0.0ms)


Started GET "/cats/new" for ::1 at 2020-01-24 16:20:13 -0800
Processing by CatsController#new as HTML
  Rendering cats/new.html.erb within layouts/application
  Rendered cats/new.html.erb within layouts/application (0.7ms)
Completed 200 OK in 35ms (Views: 34.0ms | ActiveRecord: 0.0ms)


Started POST "/cats" for ::1 at 2020-01-24 16:20:29 -0800
Processing by CatsController#create as HTML
  Parameters: {"cat"=>{"name"=>"Henry", "color"=>"Black", "birth_date"=>"10/29/1987", "sex"=>"M", "description"=>"Hi please work"}}
Can't verify CSRF token authenticity.
Completed 422 Unprocessable Entity in 1ms (ActiveRecord: 0.0ms)



ActionController::InvalidAuthenticityToken - ActionController::InvalidAuthenticityToken:

Started POST "/__better_errors/69afb8add7db0f75/variables" for ::1 at 2020-01-24 16:20:29 -0800
Started POST "/cats" for ::1 at 2020-01-24 16:21:20 -0800
Processing by CatsController#create as HTML
  Parameters: {"cat"=>{"name"=>"Henry", "color"=>"Black", "birth_date"=>"10/29/1987", "sex"=>"M", "description"=>"Hi please work"}}
Can't verify CSRF token authenticity.
Completed 400 Bad Request in 5ms (ActiveRecord: 0.0ms)



ActionController::ParameterMissing - param is missing or the value is empty: cats:
  app/controllers/cats_controller.rb:29:in `cat_params'
  app/controllers/cats_controller.rb:21:in `create'

Started POST "/__better_errors/29553a656c58051e/variables" for ::1 at 2020-01-24 16:21:20 -0800
Started POST "/cats" for ::1 at 2020-01-24 16:21:26 -0800
Processing by CatsController#create as HTML
  Parameters: {"cat"=>{"name"=>"Henry", "color"=>"Black", "birth_date"=>"10/29/1987", "sex"=>"M", "description"=>"Hi please work"}}
Can't verify CSRF token authenticity.
Completed 400 Bad Request in 2ms (ActiveRecord: 0.0ms)



ActionController::ParameterMissing - param is missing or the value is empty: cats:
  app/controllers/cats_controller.rb:29:in `cat_params'
  app/controllers/cats_controller.rb:21:in `create'

Started POST "/__better_errors/ac87f03321956a9e/variables" for ::1 at 2020-01-24 16:21:26 -0800
Started POST "/cats" for ::1 at 2020-01-24 16:21:38 -0800
Processing by CatsController#create as HTML
  Parameters: {"cat"=>{"name"=>"Henry", "color"=>"Black", "birth_date"=>"10/29/1987", "sex"=>"M", "description"=>"Hi please work"}}
Can't verify CSRF token authenticity.
  [1m[35m (0.5ms)[0m  [1m[35mBEGIN[0m
  ↳ app/controllers/cats_controller.rb:23
  [1m[35m (0.4ms)[0m  [1m[31mROLLBACK[0m
  ↳ app/controllers/cats_controller.rb:23
No template found for CatsController#create, rendering head :no_content
Completed 204 No Content in 153ms (ActiveRecord: 12.5ms)


Started POST "/cats" for ::1 at 2020-01-24 16:21:41 -0800
Processing by CatsController#create as HTML
  Parameters: {"cat"=>{"name"=>"Henry", "color"=>"Black", "birth_date"=>"10/29/1987", "sex"=>"M", "description"=>"Hi please work"}}
Can't verify CSRF token authenticity.
  [1m[35m (0.2ms)[0m  [1m[35mBEGIN[0m
  ↳ app/controllers/cats_controller.rb:23
  [1m[35m (0.4ms)[0m  [1m[31mROLLBACK[0m
  ↳ app/controllers/cats_controller.rb:23
No template found for CatsController#create, rendering head :no_content
Completed 204 No Content in 107ms (ActiveRecord: 0.6ms)


Started GET "/cats" for ::1 at 2020-01-24 16:21:43 -0800
Processing by CatsController#index as HTML
  Rendering cats/index.html.erb within layouts/application
  [1m[36mCat Load (0.8ms)[0m  [1m[34mSELECT "cats".* FROM "cats"[0m
  ↳ app/views/cats/index.html.erb:3
  Rendered cats/index.html.erb within layouts/application (3.2ms)
Completed 200 OK in 36ms (Views: 34.7ms | ActiveRecord: 0.8ms)


Started GET "/cats/new" for ::1 at 2020-01-24 16:21:46 -0800
Processing by CatsController#new as HTML
  Rendering cats/new.html.erb within layouts/application
  Rendered cats/new.html.erb within layouts/application (1.2ms)
Completed 200 OK in 37ms (Views: 36.6ms | ActiveRecord: 0.0ms)


Started POST "/cats" for ::1 at 2020-01-24 16:21:58 -0800
Processing by CatsController#create as HTML
  Parameters: {"cat"=>{"name"=>"Henry", "color"=>"Black", "birth_date"=>"10/29/1988", "sex"=>"M", "description"=>"work"}}
Can't verify CSRF token authenticity.
  [1m[35m (1.0ms)[0m  [1m[35mBEGIN[0m
  ↳ app/controllers/cats_controller.rb:23
  [1m[35m (0.3ms)[0m  [1m[31mROLLBACK[0m
  ↳ app/controllers/cats_controller.rb:23
No template found for CatsController#create, rendering head :no_content
Completed 204 No Content in 105ms (ActiveRecord: 1.4ms)


Started POST "/cats" for ::1 at 2020-01-24 16:22:04 -0800
Processing by CatsController#create as HTML
  Parameters: {"cat"=>{"name"=>"Henry", "color"=>"Black", "birth_date"=>"10/29/1988", "sex"=>"M", "description"=>"work"}}
Can't verify CSRF token authenticity.
  [1m[35m (0.3ms)[0m  [1m[35mBEGIN[0m
  ↳ app/controllers/cats_controller.rb:23
  [1m[35m (0.4ms)[0m  [1m[31mROLLBACK[0m
  ↳ app/controllers/cats_controller.rb:23
No template found for CatsController#create, rendering head :no_content
Completed 204 No Content in 107ms (ActiveRecord: 0.7ms)


Started POST "/cats" for ::1 at 2020-01-24 16:22:26 -0800
Processing by CatsController#create as HTML
  Parameters: {"cat"=>{"name"=>"Henry", "color"=>"Black", "birth_date"=>"10/29/1988", "sex"=>"M", "description"=>"work"}}
Can't verify CSRF token authenticity.
  [1m[35m (0.2ms)[0m  [1m[35mBEGIN[0m
  ↳ app/controllers/cats_controller.rb:23
  [1m[35m (0.4ms)[0m  [1m[31mROLLBACK[0m
  ↳ app/controllers/cats_controller.rb:23
No template found for CatsController#create, rendering head :no_content
Completed 204 No Content in 108ms (ActiveRecord: 0.6ms)


Started POST "/cats" for ::1 at 2020-01-24 16:22:27 -0800
Processing by CatsController#create as HTML
  Parameters: {"cat"=>{"name"=>"Henry", "color"=>"Black", "birth_date"=>"10/29/1988", "sex"=>"M", "description"=>"work"}}
Can't verify CSRF token authenticity.
  [1m[35m (0.4ms)[0m  [1m[35mBEGIN[0m
  ↳ app/controllers/cats_controller.rb:23
  [1m[35m (0.2ms)[0m  [1m[31mROLLBACK[0m
  ↳ app/controllers/cats_controller.rb:23
No template found for CatsController#create, rendering head :no_content
Completed 204 No Content in 108ms (ActiveRecord: 0.6ms)


Started POST "/cats" for ::1 at 2020-01-24 16:22:27 -0800
Processing by CatsController#create as HTML
  Parameters: {"cat"=>{"name"=>"Henry", "color"=>"Black", "birth_date"=>"10/29/1988", "sex"=>"M", "description"=>"work"}}
Can't verify CSRF token authenticity.
  [1m[35m (0.3ms)[0m  [1m[35mBEGIN[0m
  ↳ app/controllers/cats_controller.rb:23
  [1m[35m (0.2ms)[0m  [1m[31mROLLBACK[0m
  ↳ app/controllers/cats_controller.rb:23
No template found for CatsController#create, rendering head :no_content
Completed 204 No Content in 106ms (ActiveRecord: 0.6ms)


Started POST "/cats" for ::1 at 2020-01-24 16:22:28 -0800
Processing by CatsController#create as HTML
  Parameters: {"cat"=>{"name"=>"Henry", "color"=>"Black", "birth_date"=>"10/29/1988", "sex"=>"M", "description"=>"work"}}
Can't verify CSRF token authenticity.
  [1m[35m (0.4ms)[0m  [1m[35mBEGIN[0m
  ↳ app/controllers/cats_controller.rb:23
  [1m[35m (0.3ms)[0m  [1m[31mROLLBACK[0m
  ↳ app/controllers/cats_controller.rb:23
No template found for CatsController#create, rendering head :no_content
Completed 204 No Content in 108ms (ActiveRecord: 0.7ms)


Started GET "/cats/new" for ::1 at 2020-01-24 16:22:45 -0800
Processing by CatsController#new as HTML
  Rendering cats/new.html.erb within layouts/application
  Rendered cats/new.html.erb within layouts/application (1.0ms)
Completed 200 OK in 57ms (Views: 30.7ms | ActiveRecord: 8.2ms)


Started POST "/cats" for ::1 at 2020-01-24 16:23:00 -0800
Processing by CatsController#create as HTML
  Parameters: {"cat"=>{"name"=>"Henry2", "color"=>"Black", "birth_date"=>"10/10/1822", "sex"=>"M", "description"=>"Work or die"}}
Can't verify CSRF token authenticity.
  [1m[35m (0.3ms)[0m  [1m[35mBEGIN[0m
  ↳ app/controllers/cats_controller.rb:23
  [1m[36mCat Create (1.3ms)[0m  [1m[32mINSERT INTO "cats" ("birth_date", "color", "name", "sex", "description", "created_at", "updated_at") VALUES ($1, $2, $3, $4, $5, $6, $7) RETURNING "id"[0m  [["birth_date", "1822-10-10"], ["color", "Black"], ["name", "Henry2"], ["sex", "M"], ["description", "Work or die"], ["created_at", "2020-01-25 00:23:00.647080"], ["updated_at", "2020-01-25 00:23:00.647080"]]
  ↳ app/controllers/cats_controller.rb:23
  [1m[35m (2.3ms)[0m  [1m[35mCOMMIT[0m
  ↳ app/controllers/cats_controller.rb:23
Completed 500 Internal Server Error in 140ms (ActiveRecord: 3.9ms)



NoMethodError - undefined method `to' for #<CatsController:0x00007f8df2a82140>
Did you mean?  t:
  app/controllers/cats_controller.rb:24:in `create'

Started POST "/__better_errors/9db0c46d536eedd7/variables" for ::1 at 2020-01-24 16:23:01 -0800
Started POST "/cats" for ::1 at 2020-01-24 16:23:09 -0800
Processing by CatsController#create as HTML
  Parameters: {"cat"=>{"name"=>"Henry2", "color"=>"Black", "birth_date"=>"10/10/1822", "sex"=>"M", "description"=>"Work or die"}}
Can't verify CSRF token authenticity.
  [1m[35m (0.2ms)[0m  [1m[35mBEGIN[0m
  ↳ app/controllers/cats_controller.rb:23
  [1m[36mCat Create (0.5ms)[0m  [1m[32mINSERT INTO "cats" ("birth_date", "color", "name", "sex", "description", "created_at", "updated_at") VALUES ($1, $2, $3, $4, $5, $6, $7) RETURNING "id"[0m  [["birth_date", "1822-10-10"], ["color", "Black"], ["name", "Henry2"], ["sex", "M"], ["description", "Work or die"], ["created_at", "2020-01-25 00:23:09.722431"], ["updated_at", "2020-01-25 00:23:09.722431"]]
  ↳ app/controllers/cats_controller.rb:23
  [1m[35m (2.1ms)[0m  [1m[35mCOMMIT[0m
  ↳ app/controllers/cats_controller.rb:23
Redirected to http://localhost:3000/cats
Completed 302 Found in 32ms (ActiveRecord: 9.2ms)


Started GET "/cats" for ::1 at 2020-01-24 16:23:09 -0800
Processing by CatsController#index as HTML
  Rendering cats/index.html.erb within layouts/application
  [1m[36mCat Load (0.9ms)[0m  [1m[34mSELECT "cats".* FROM "cats"[0m
  ↳ app/views/cats/index.html.erb:3
  Rendered cats/index.html.erb within layouts/application (3.4ms)
Completed 200 OK in 32ms (Views: 30.9ms | ActiveRecord: 0.9ms)


Started GET "/cats" for ::1 at 2020-01-24 16:23:51 -0800
Processing by CatsController#index as HTML
  Rendering cats/index.html.erb within layouts/application
  [1m[36mCat Load (0.6ms)[0m  [1m[34mSELECT "cats".* FROM "cats"[0m
  ↳ app/views/cats/index.html.erb:3
  Rendered cats/index.html.erb within layouts/application (24.9ms)
Completed 200 OK in 53ms (Views: 37.6ms | ActiveRecord: 10.8ms)


Started GET "/cats/new" for ::1 at 2020-01-24 16:23:55 -0800
Processing by CatsController#new as HTML
  Rendering cats/new.html.erb within layouts/application
  Rendered cats/new.html.erb within layouts/application (1.0ms)
Completed 200 OK in 28ms (Views: 27.3ms | ActiveRecord: 0.0ms)


Started POST "/cats" for ::1 at 2020-01-24 16:24:20 -0800
Processing by CatsController#create as HTML
  Parameters: {"cat"=>{"name"=>"Henry", "color"=>"Black", "birth_date"=>"11/07/1991", "sex"=>"m", "description"=>"help me "}}
Can't verify CSRF token authenticity.
  [1m[35m (0.3ms)[0m  [1m[35mBEGIN[0m
  ↳ app/controllers/cats_controller.rb:23
  [1m[36mCat Create (1.3ms)[0m  [1m[32mINSERT INTO "cats" ("birth_date", "color", "name", "sex", "description", "created_at", "updated_at") VALUES ($1, $2, $3, $4, $5, $6, $7) RETURNING "id"[0m  [["birth_date", "1991-07-11"], ["color", "Black"], ["name", "Henry"], ["sex", "m"], ["description", "help me "], ["created_at", "2020-01-25 00:24:20.036230"], ["updated_at", "2020-01-25 00:24:20.036230"]]
  ↳ app/controllers/cats_controller.rb:23
  [1m[35m (2.2ms)[0m  [1m[35mCOMMIT[0m
  ↳ app/controllers/cats_controller.rb:23
Redirected to http://localhost:3000/cats/6
Completed 302 Found in 14ms (ActiveRecord: 3.9ms)


Started GET "/cats/6" for ::1 at 2020-01-24 16:24:20 -0800
Processing by CatsController#show as HTML
  Parameters: {"id"=>"6"}
  [1m[36mCat Load (0.6ms)[0m  [1m[34mSELECT  "cats".* FROM "cats" WHERE "cats"."id" = $1 LIMIT $2[0m  [["id", 6], ["LIMIT", 1]]
  ↳ app/controllers/cats_controller.rb:9
  Rendering cats/show.html.erb within layouts/application
  Rendered cats/show.html.erb within layouts/application (0.9ms)
Completed 200 OK in 33ms (Views: 29.8ms | ActiveRecord: 0.9ms)


Started GET "/cats" for ::1 at 2020-01-24 16:24:26 -0800
Processing by CatsController#index as HTML
  Rendering cats/index.html.erb within layouts/application
  [1m[36mCat Load (4.7ms)[0m  [1m[34mSELECT "cats".* FROM "cats"[0m
  ↳ app/views/cats/index.html.erb:3
  Rendered cats/index.html.erb within layouts/application (7.1ms)
Completed 200 OK in 67ms (Views: 61.4ms | ActiveRecord: 4.7ms)


Started GET "/cats/new" for ::1 at 2020-01-24 16:26:40 -0800
Processing by CatsController#new as HTML
  Rendering cats/new.html.erb within layouts/application
  Rendered cats/new.html.erb within layouts/application (1.0ms)
Completed 200 OK in 30ms (Views: 29.0ms | ActiveRecord: 0.0ms)


Started GET "/cats/new" for ::1 at 2020-01-24 16:36:08 -0800
Processing by CatsController#new as HTML
  Rendering cats/new.html.erb within layouts/application
  Rendered cats/new.html.erb within layouts/application (0.8ms)
Completed 200 OK in 61ms (Views: 27.0ms | ActiveRecord: 15.6ms)


Started GET "/cats/new" for ::1 at 2020-01-24 16:37:28 -0800
Processing by CatsController#new as HTML
  Rendering cats/new.html.erb within layouts/application
  Rendered cats/new.html.erb within layouts/application (1.6ms)
Completed 200 OK in 31ms (Views: 30.7ms | ActiveRecord: 0.0ms)


Started GET "/cats/new" for ::1 at 2020-01-24 16:37:37 -0800
Processing by CatsController#new as HTML
  Rendering cats/new.html.erb within layouts/application
  Rendered cats/new.html.erb within layouts/application (1.2ms)
Completed 200 OK in 35ms (Views: 34.8ms | ActiveRecord: 0.0ms)


Started GET "/cats/new" for ::1 at 2020-01-24 16:37:42 -0800
Processing by CatsController#new as HTML
  Rendering cats/new.html.erb within layouts/application
  Rendered cats/new.html.erb within layouts/application (1.2ms)
Completed 200 OK in 47ms (Views: 47.0ms | ActiveRecord: 0.0ms)


Started POST "/cats" for ::1 at 2020-01-24 16:38:10 -0800
Processing by CatsController#create as HTML
  Parameters: {"cat"=>{"name"=>"Hen", "color"=>"White", "birth_date"=>"10/29/1922", "sex"=>"", "description"=>"Test"}}
  [1m[35m (1.3ms)[0m  [1m[35mBEGIN[0m
  ↳ app/controllers/cats_controller.rb:23
  [1m[35m (0.5ms)[0m  [1m[31mROLLBACK[0m
  ↳ app/controllers/cats_controller.rb:23
No template found for CatsController#create, rendering head :no_content
Completed 204 No Content in 123ms (ActiveRecord: 1.8ms)


Started GET "/cats/new" for ::1 at 2020-01-24 16:44:51 -0800
Processing by CatsController#new as HTML
  Rendering cats/new.html.erb within layouts/application
  Rendered cats/new.html.erb within layouts/application (1.3ms)
Completed 200 OK in 36ms (Views: 35.8ms | ActiveRecord: 0.0ms)


Started POST "/cats" for ::1 at 2020-01-24 16:45:08 -0800
Processing by CatsController#create as HTML
  Parameters: {"cat"=>{"name"=>"123", "color"=>"123", "birth_date"=>"11/22/11", "description"=>"1231"}, "permission"=>{"role_id"=>"2"}}
  [1m[35m (0.3ms)[0m  [1m[35mBEGIN[0m
  ↳ app/controllers/cats_controller.rb:23
  [1m[35m (0.3ms)[0m  [1m[31mROLLBACK[0m
  ↳ app/controllers/cats_controller.rb:23
No template found for CatsController#create, rendering head :no_content
Completed 204 No Content in 126ms (ActiveRecord: 0.6ms)


Started POST "/cats" for ::1 at 2020-01-24 16:45:43 -0800
Processing by CatsController#create as HTML
  Parameters: {"cat"=>{"name"=>"123", "color"=>"123", "birth_date"=>"11/22/11", "description"=>"1231"}, "permission"=>{"role_id"=>"2"}}
  [1m[35m (0.3ms)[0m  [1m[35mBEGIN[0m
  ↳ app/controllers/cats_controller.rb:23
  [1m[35m (0.3ms)[0m  [1m[31mROLLBACK[0m
  ↳ app/controllers/cats_controller.rb:23
No template found for CatsController#create, rendering head :no_content
Completed 204 No Content in 107ms (ActiveRecord: 0.6ms)


Started POST "/cats" for ::1 at 2020-01-24 16:45:46 -0800
Processing by CatsController#create as HTML
  Parameters: {"cat"=>{"name"=>"123", "color"=>"123", "birth_date"=>"11/22/11", "description"=>"1231"}, "permission"=>{"role_id"=>"2"}}
  [1m[35m (0.5ms)[0m  [1m[35mBEGIN[0m
  ↳ app/controllers/cats_controller.rb:23
  [1m[35m (0.3ms)[0m  [1m[31mROLLBACK[0m
  ↳ app/controllers/cats_controller.rb:23
No template found for CatsController#create, rendering head :no_content
Completed 204 No Content in 115ms (ActiveRecord: 0.9ms)


Started GET "/cats/new" for ::1 at 2020-01-24 16:45:51 -0800
Processing by CatsController#new as HTML
  Rendering cats/new.html.erb within layouts/application
  Rendered cats/new.html.erb within layouts/application (1.9ms)
Completed 200 OK in 31ms (Views: 31.0ms | ActiveRecord: 0.0ms)


Started POST "/cats" for ::1 at 2020-01-24 16:45:58 -0800
Processing by CatsController#create as HTML
  Parameters: {"cat"=>{"name"=>"123", "color"=>"123", "birth_date"=>"11/22/11", "sex"=>"M", "description"=>"11"}}
  [1m[35m (0.3ms)[0m  [1m[35mBEGIN[0m
  ↳ app/controllers/cats_controller.rb:23
  [1m[35m (0.2ms)[0m  [1m[31mROLLBACK[0m
  ↳ app/controllers/cats_controller.rb:23
No template found for CatsController#create, rendering head :no_content
Completed 204 No Content in 120ms (ActiveRecord: 0.5ms)


Started POST "/cats" for ::1 at 2020-01-24 16:46:02 -0800
Processing by CatsController#create as HTML
  Parameters: {"cat"=>{"name"=>"123", "color"=>"123", "birth_date"=>"11/22/11", "sex"=>"M", "description"=>"11"}}
  [1m[35m (0.3ms)[0m  [1m[35mBEGIN[0m
  ↳ app/controllers/cats_controller.rb:23
  [1m[35m (0.4ms)[0m  [1m[31mROLLBACK[0m
  ↳ app/controllers/cats_controller.rb:23
No template found for CatsController#create, rendering head :no_content
Completed 204 No Content in 101ms (ActiveRecord: 0.7ms)


Started POST "/cats" for ::1 at 2020-01-24 16:46:02 -0800
Processing by CatsController#create as HTML
  Parameters: {"cat"=>{"name"=>"123", "color"=>"123", "birth_date"=>"11/22/11", "sex"=>"M", "description"=>"11"}}
  [1m[35m (0.3ms)[0m  [1m[35mBEGIN[0m
  ↳ app/controllers/cats_controller.rb:23
  [1m[35m (0.3ms)[0m  [1m[31mROLLBACK[0m
  ↳ app/controllers/cats_controller.rb:23
No template found for CatsController#create, rendering head :no_content
Completed 204 No Content in 99ms (ActiveRecord: 0.5ms)


Started POST "/cats" for ::1 at 2020-01-24 16:46:05 -0800
Processing by CatsController#create as HTML
  Parameters: {"cat"=>{"name"=>"123", "color"=>"123", "birth_date"=>"11/22/11", "sex"=>"M", "description"=>"11"}}
  [1m[35m (0.3ms)[0m  [1m[35mBEGIN[0m
  ↳ app/controllers/cats_controller.rb:23
  [1m[35m (0.3ms)[0m  [1m[31mROLLBACK[0m
  ↳ app/controllers/cats_controller.rb:23
No template found for CatsController#create, rendering head :no_content
Completed 204 No Content in 100ms (ActiveRecord: 0.6ms)


Started GET "/cats/new" for ::1 at 2020-01-24 16:47:14 -0800
Processing by CatsController#new as HTML
  Rendering cats/new.html.erb within layouts/application
  Rendered cats/new.html.erb within layouts/application (2.0ms)
Completed 200 OK in 34ms (Views: 34.2ms | ActiveRecord: 0.0ms)


Started POST "/cats" for ::1 at 2020-01-24 16:47:31 -0800
Processing by CatsController#create as HTML
  Parameters: {"cat"=>{"name"=>"Ori", "color"=>"Blue", "birth_date"=>"10/10/1121", "sex"=>"M", "description"=>"Please work"}}
  [1m[35m (0.3ms)[0m  [1m[35mBEGIN[0m
  ↳ app/controllers/cats_controller.rb:23
  [1m[36mCat Create (2.2ms)[0m  [1m[32mINSERT INTO "cats" ("birth_date", "color", "name", "sex", "description", "created_at", "updated_at") VALUES ($1, $2, $3, $4, $5, $6, $7) RETURNING "id"[0m  [["birth_date", "1121-10-10"], ["color", "Blue"], ["name", "Ori"], ["sex", "M"], ["description", "Please work"], ["created_at", "2020-01-25 00:47:31.542543"], ["updated_at", "2020-01-25 00:47:31.542543"]]
  ↳ app/controllers/cats_controller.rb:23
  [1m[35m (2.7ms)[0m  [1m[35mCOMMIT[0m
  ↳ app/controllers/cats_controller.rb:23
Redirected to http://localhost:3000/cats/7
Completed 302 Found in 10ms (ActiveRecord: 5.1ms)


Started GET "/cats/7" for ::1 at 2020-01-24 16:47:31 -0800
Processing by CatsController#show as HTML
  Parameters: {"id"=>"7"}
  [1m[36mCat Load (0.9ms)[0m  [1m[34mSELECT  "cats".* FROM "cats" WHERE "cats"."id" = $1 LIMIT $2[0m  [["id", 7], ["LIMIT", 1]]
  ↳ app/controllers/cats_controller.rb:9
  Rendering cats/show.html.erb within layouts/application
  Rendered cats/show.html.erb within layouts/application (0.9ms)
Completed 200 OK in 48ms (Views: 43.4ms | ActiveRecord: 1.3ms)


Started GET "/cats/7" for ::1 at 2020-01-24 16:48:21 -0800
Processing by CatsController#show as HTML
  Parameters: {"id"=>"7"}
  [1m[36mCat Load (1.1ms)[0m  [1m[34mSELECT  "cats".* FROM "cats" WHERE "cats"."id" = $1 LIMIT $2[0m  [["id", 7], ["LIMIT", 1]]
  ↳ app/controllers/cats_controller.rb:9
  Rendering cats/show.html.erb within layouts/application
  Rendered cats/show.html.erb within layouts/application (0.6ms)
Completed 200 OK in 31ms (Views: 28.1ms | ActiveRecord: 1.1ms)


Started GET "/cats/new" for ::1 at 2020-01-24 16:48:24 -0800
Processing by CatsController#new as HTML
  Rendering cats/new.html.erb within layouts/application
  Rendered cats/new.html.erb within layouts/application (0.8ms)
Completed 200 OK in 24ms (Views: 23.4ms | ActiveRecord: 0.0ms)


Started GET "/cats/new" for ::1 at 2020-01-24 16:48:48 -0800
Processing by CatsController#new as HTML
  Rendering cats/new.html.erb within layouts/application
  Rendered cats/new.html.erb within layouts/application (1.3ms)
Completed 200 OK in 32ms (Views: 31.5ms | ActiveRecord: 0.0ms)


Started GET "/cats/new" for ::1 at 2020-01-24 16:49:39 -0800
Processing by CatsController#new as HTML
  Rendering cats/new.html.erb within layouts/application
  Rendered cats/new.html.erb within layouts/application (1.4ms)
Completed 200 OK in 31ms (Views: 30.9ms | ActiveRecord: 0.0ms)


Started POST "/cats" for ::1 at 2020-01-24 16:49:54 -0800
Processing by CatsController#create as HTML
  Parameters: {"cat"=>{"name"=>"Ori2", "color"=>"Blueish", "birth_date"=>"11/22/1111", "sex"=>"F", "description"=>"this works?"}}
  [1m[35m (0.3ms)[0m  [1m[35mBEGIN[0m
  ↳ app/controllers/cats_controller.rb:23
  [1m[35m (0.3ms)[0m  [1m[31mROLLBACK[0m
  ↳ app/controllers/cats_controller.rb:23
No template found for CatsController#create, rendering head :no_content
Completed 204 No Content in 119ms (ActiveRecord: 0.6ms)


Started POST "/cats" for ::1 at 2020-01-24 16:50:05 -0800
Processing by CatsController#create as HTML
  Parameters: {"cat"=>{"name"=>"Ori2", "color"=>"Blueish", "birth_date"=>"11/22/1920", "sex"=>"F", "description"=>"this works?"}}
  [1m[35m (0.3ms)[0m  [1m[35mBEGIN[0m
  ↳ app/controllers/cats_controller.rb:23
  [1m[35m (0.3ms)[0m  [1m[31mROLLBACK[0m
  ↳ app/controllers/cats_controller.rb:23
No template found for CatsController#create, rendering head :no_content
Completed 204 No Content in 121ms (ActiveRecord: 0.6ms)


Started POST "/cats" for ::1 at 2020-01-24 16:50:09 -0800
Processing by CatsController#create as HTML
  Parameters: {"cat"=>{"name"=>"Ori23", "color"=>"Blueish", "birth_date"=>"11/22/1920", "sex"=>"F", "description"=>"this works?"}}
  [1m[35m (0.3ms)[0m  [1m[35mBEGIN[0m
  ↳ app/controllers/cats_controller.rb:23
  [1m[35m (0.4ms)[0m  [1m[31mROLLBACK[0m
  ↳ app/controllers/cats_controller.rb:23
No template found for CatsController#create, rendering head :no_content
Completed 204 No Content in 109ms (ActiveRecord: 0.7ms)


Started GET "/cats/new" for ::1 at 2020-01-24 16:50:28 -0800
Processing by CatsController#new as HTML
  Rendering cats/new.html.erb within layouts/application
  Rendered cats/new.html.erb within layouts/application (1.7ms)
Completed 200 OK in 37ms (Views: 36.9ms | ActiveRecord: 0.0ms)


Started POST "/cats" for ::1 at 2020-01-24 16:50:42 -0800
Processing by CatsController#create as HTML
  Parameters: {"cat"=>{"name"=>"HI", "color"=>"White", "birth_date"=>"11/22/1920", "sex"=>"F", "description"=>"F"}}
  [1m[35m (0.3ms)[0m  [1m[35mBEGIN[0m
  ↳ app/controllers/cats_controller.rb:23
  [1m[35m (0.3ms)[0m  [1m[31mROLLBACK[0m
  ↳ app/controllers/cats_controller.rb:23
No template found for CatsController#create, rendering head :no_content
Completed 204 No Content in 119ms (ActiveRecord: 0.6ms)


Started GET "/cats/new" for ::1 at 2020-01-24 16:51:18 -0800
Processing by CatsController#new as HTML
  Rendering cats/new.html.erb within layouts/application
  Rendered cats/new.html.erb within layouts/application (1.3ms)
Completed 200 OK in 30ms (Views: 29.6ms | ActiveRecord: 0.0ms)


Started GET "/cats/new" for ::1 at 2020-01-24 16:51:19 -0800
Processing by CatsController#new as HTML
  Rendering cats/new.html.erb within layouts/application
  Rendered cats/new.html.erb within layouts/application (0.8ms)
Completed 200 OK in 25ms (Views: 25.1ms | ActiveRecord: 0.0ms)


Started GET "/cats/new" for ::1 at 2020-01-24 16:51:19 -0800
Processing by CatsController#new as HTML
  Rendering cats/new.html.erb within layouts/application
  Rendered cats/new.html.erb within layouts/application (0.9ms)
Completed 200 OK in 30ms (Views: 30.1ms | ActiveRecord: 0.0ms)


Started GET "/cats/new" for ::1 at 2020-01-24 16:51:19 -0800
Processing by CatsController#new as HTML
  Rendering cats/new.html.erb within layouts/application
  Rendered cats/new.html.erb within layouts/application (1.4ms)
Completed 200 OK in 43ms (Views: 42.7ms | ActiveRecord: 0.0ms)


Started GET "/cats/" for ::1 at 2020-01-24 16:51:22 -0800
Processing by CatsController#index as HTML
  Rendering cats/index.html.erb within layouts/application
  [1m[36mCat Load (0.9ms)[0m  [1m[34mSELECT "cats".* FROM "cats"[0m
  ↳ app/views/cats/index.html.erb:3
  Rendered cats/index.html.erb within layouts/application (3.5ms)
Completed 200 OK in 44ms (Views: 42.0ms | ActiveRecord: 0.9ms)


Started GET "/cats/" for ::1 at 2020-01-24 16:52:56 -0800
Processing by CatsController#index as HTML
  Rendering cats/index.html.erb within layouts/application
  [1m[36mCat Load (1.1ms)[0m  [1m[34mSELECT "cats".* FROM "cats"[0m
  ↳ app/views/cats/index.html.erb:3
  Rendered cats/index.html.erb within layouts/application (4.9ms)
Completed 200 OK in 35ms (Views: 33.8ms | ActiveRecord: 1.1ms)


Started GET "/cats/new" for ::1 at 2020-01-24 16:52:59 -0800
Processing by CatsController#new as HTML
  Rendering cats/new.html.erb within layouts/application
  Rendered cats/new.html.erb within layouts/application (1.9ms)
Completed 200 OK in 60ms (Views: 59.6ms | ActiveRecord: 0.0ms)


Started POST "/cats" for ::1 at 2020-01-24 16:53:14 -0800
Processing by CatsController#create as HTML
  Parameters: {"cat"=>{"name"=>"this", "color"=>"is", "birth_date"=>"1999/11/22", "sex"=>"M", "description"=>"working?"}}
  [1m[35m (0.2ms)[0m  [1m[35mBEGIN[0m
  ↳ app/controllers/cats_controller.rb:23
  [1m[36mCat Create (0.6ms)[0m  [1m[32mINSERT INTO "cats" ("birth_date", "color", "name", "sex", "description", "created_at", "updated_at") VALUES ($1, $2, $3, $4, $5, $6, $7) RETURNING "id"[0m  [["birth_date", "1999-11-22"], ["color", "is"], ["name", "this"], ["sex", "M"], ["description", "working?"], ["created_at", "2020-01-25 00:53:14.965924"], ["updated_at", "2020-01-25 00:53:14.965924"]]
  ↳ app/controllers/cats_controller.rb:23
  [1m[35m (2.0ms)[0m  [1m[35mCOMMIT[0m
  ↳ app/controllers/cats_controller.rb:23
Redirected to http://localhost:3000/cats/8
Completed 302 Found in 6ms (ActiveRecord: 2.8ms)


Started GET "/cats/8" for ::1 at 2020-01-24 16:53:14 -0800
Processing by CatsController#show as HTML
  Parameters: {"id"=>"8"}
  [1m[36mCat Load (0.6ms)[0m  [1m[34mSELECT  "cats".* FROM "cats" WHERE "cats"."id" = $1 LIMIT $2[0m  [["id", 8], ["LIMIT", 1]]
  ↳ app/controllers/cats_controller.rb:9
  Rendering cats/show.html.erb within layouts/application
  Rendered cats/show.html.erb within layouts/application (0.9ms)
Completed 200 OK in 35ms (Views: 33.3ms | ActiveRecord: 0.6ms)


Started POST "/cats" for ::1 at 2020-01-24 16:54:27 -0800
Processing by CatsController#create as HTML
  Parameters: {"cat"=>{"name"=>"this", "color"=>"is", "birth_date"=>"1999/11/22", "sex"=>"M", "description"=>"working?"}}
  [1m[35m (0.4ms)[0m  [1m[35mBEGIN[0m
  ↳ app/controllers/cats_controller.rb:23
  [1m[36mCat Create (1.3ms)[0m  [1m[32mINSERT INTO "cats" ("birth_date", "color", "name", "sex", "description", "created_at", "updated_at") VALUES ($1, $2, $3, $4, $5, $6, $7) RETURNING "id"[0m  [["birth_date", "1999-11-22"], ["color", "is"], ["name", "this"], ["sex", "M"], ["description", "working?"], ["created_at", "2020-01-25 00:54:27.923522"], ["updated_at", "2020-01-25 00:54:27.923522"]]
  ↳ app/controllers/cats_controller.rb:23
  [1m[35m (2.1ms)[0m  [1m[35mCOMMIT[0m
  ↳ app/controllers/cats_controller.rb:23
Redirected to http://localhost:3000/cats/9
Completed 302 Found in 8ms (ActiveRecord: 3.8ms)


Started GET "/cats/9" for ::1 at 2020-01-24 16:54:27 -0800
Processing by CatsController#show as HTML
  Parameters: {"id"=>"9"}
  [1m[36mCat Load (0.7ms)[0m  [1m[34mSELECT  "cats".* FROM "cats" WHERE "cats"."id" = $1 LIMIT $2[0m  [["id", 9], ["LIMIT", 1]]
  ↳ app/controllers/cats_controller.rb:9
  Rendering cats/show.html.erb within layouts/application
  Rendered cats/show.html.erb within layouts/application (0.6ms)
Completed 200 OK in 34ms (Views: 32.0ms | ActiveRecord: 0.7ms)


Started GET "/cats/new" for ::1 at 2020-01-24 16:54:51 -0800
Processing by CatsController#new as HTML
  Rendering cats/new.html.erb within layouts/application
  Rendered cats/new.html.erb within layouts/application (1.2ms)
Completed 200 OK in 37ms (Views: 37.0ms | ActiveRecord: 0.0ms)


Started GET "/cats/news" for ::1 at 2020-01-24 16:54:51 -0800
Processing by CatsController#show as HTML
  Parameters: {"id"=>"news"}
  [1m[36mCat Load (1.1ms)[0m  [1m[34mSELECT  "cats".* FROM "cats" WHERE "cats"."id" = $1 LIMIT $2[0m  [["id", 0], ["LIMIT", 1]]
  ↳ app/controllers/cats_controller.rb:9
  Rendering cats/show.html.erb within layouts/application
  Rendered cats/show.html.erb within layouts/application (6.5ms)
Completed 500 Internal Server Error in 17ms (ActiveRecord: 1.1ms)



NoMethodError - undefined method `name' for nil:NilClass:
  app/views/cats/show.html.erb:3:in `_app_views_cats_show_html_erb___313434596255753534_70123879311860'
  app/controllers/cats_controller.rb:12:in `show'

Started POST "/__better_errors/ebc860d6aca752c2/variables" for ::1 at 2020-01-24 16:54:52 -0800
Started POST "/cats" for ::1 at 2020-01-24 16:55:06 -0800
Processing by CatsController#create as HTML
  Parameters: {"cat"=>{"name"=>"hi", "color"=>"white", "birth_date"=>"11/22/1908", "sex"=>"F", "description"=>"work"}}
  [1m[35m (0.2ms)[0m  [1m[35mBEGIN[0m
  ↳ app/controllers/cats_controller.rb:23
  [1m[35m (0.3ms)[0m  [1m[31mROLLBACK[0m
  ↳ app/controllers/cats_controller.rb:23
No template found for CatsController#create, rendering head :no_content
Completed 204 No Content in 115ms (ActiveRecord: 0.5ms)


Started POST "/cats" for ::1 at 2020-01-24 16:56:55 -0800
Processing by CatsController#create as HTML
  Parameters: {"cat"=>{"name"=>"hi", "color"=>"white", "birth_date"=>"11/22/1908", "sex"=>"F", "description"=>"work"}}
  [1m[35m (0.3ms)[0m  [1m[35mBEGIN[0m
  ↳ app/controllers/cats_controller.rb:23
  [1m[35m (0.2ms)[0m  [1m[31mROLLBACK[0m
  ↳ app/controllers/cats_controller.rb:23
No template found for CatsController#create, rendering head :no_content
Completed 204 No Content in 104ms (ActiveRecord: 0.5ms)


Started GET "/cats/new" for ::1 at 2020-01-24 16:56:56 -0800
Processing by CatsController#new as HTML
  Rendering cats/new.html.erb within layouts/application
  Rendered cats/new.html.erb within layouts/application (1.5ms)
Completed 200 OK in 30ms (Views: 29.3ms | ActiveRecord: 0.0ms)


Started POST "/cats" for ::1 at 2020-01-24 16:57:09 -0800
Processing by CatsController#create as HTML
  Parameters: {"cat"=>{"name"=>"white", "color"=>"white", "birth_date"=>"11/22/1920", "sex"=>"M", "description"=>"work"}}
  [1m[35m (0.2ms)[0m  [1m[35mBEGIN[0m
  ↳ app/controllers/cats_controller.rb:23
  [1m[35m (1.0ms)[0m  [1m[31mROLLBACK[0m
  ↳ app/controllers/cats_controller.rb:23
No template found for CatsController#create, rendering head :no_content
Completed 204 No Content in 116ms (ActiveRecord: 1.2ms)


Started POST "/cats" for ::1 at 2020-01-24 16:57:43 -0800
Processing by CatsController#create as HTML
  Parameters: {"cat"=>{"name"=>"white", "color"=>"white", "birth_date"=>"11/22/1920", "sex"=>"M", "description"=>"work"}}
  [1m[35m (1.9ms)[0m  [1m[35mBEGIN[0m
  ↳ app/controllers/cats_controller.rb:24
  [1m[35m (0.3ms)[0m  [1m[31mROLLBACK[0m
  ↳ app/controllers/cats_controller.rb:24
Started POST "/cats" for ::1 at 2020-01-24 16:57:43 -0800
No template found for CatsController#create, rendering head :no_content
Completed 204 No Content in 222ms (ActiveRecord: 21.3ms)


Processing by CatsController#create as HTML
  Parameters: {"cat"=>{"name"=>"white", "color"=>"white", "birth_date"=>"11/22/1920", "sex"=>"M", "description"=>"work"}}
  [1m[35m (0.3ms)[0m  [1m[35mBEGIN[0m
  ↳ app/controllers/cats_controller.rb:24
  [1m[35m (0.4ms)[0m  [1m[31mROLLBACK[0m
  ↳ app/controllers/cats_controller.rb:24
No template found for CatsController#create, rendering head :no_content
Completed 204 No Content in 147ms (ActiveRecord: 10.9ms)


Started GET "/cats/new" for ::1 at 2020-01-24 17:00:02 -0800
Processing by CatsController#new as HTML
  Rendering cats/new.html.erb within layouts/application
  Rendered cats/new.html.erb within layouts/application (0.8ms)
Completed 200 OK in 45ms (Views: 21.9ms | ActiveRecord: 8.0ms)


Started POST "/cats" for ::1 at 2020-01-24 17:00:11 -0800
Processing by CatsController#create as HTML
  Parameters: {"cat"=>{"name"=>"hi12341", "color"=>"123hi", "birth_date"=>"11/22/1928", "sex"=>"F", "description"=>"123"}}
